# JRE version: OpenJDK Runtime Environment (8.0_242-b01) (build 1.8.0_242-release-1644-b01)
# Java VM: OpenJDK 64-Bit Server VM (25.242-b01 mixed mode windows-amd64 compressed oops)
Heap:
 PSYoungGen      total 354816K, used 151677K [0x00000000e0000000, 0x00000000fd100000, 0x0000000100000000)
  eden space 332288K, 38% used [0x00000000e0000000,0x00000000e7e220f0,0x00000000f4480000)
  from space 22528K, 99% used [0x00000000f4480000,0x00000000f5a7d6d8,0x00000000f5a80000)
  to   space 28672K, 0% used [0x00000000fb500000,0x00000000fb500000,0x00000000fd100000)
 ParOldGen       total 75776K, used 56482K [0x00000000a0000000, 0x00000000a4a00000, 0x00000000e0000000)
  object space 75776K, 74% used [0x00000000a0000000,0x00000000a37288e0,0x00000000a4a00000)
 Metaspace       used 92276K, capacity 96183K, committed 96384K, reserved 1136640K
  class space    used 12015K, capacity 12840K, committed 12928K, reserved 1048576K
GC Heap History (10 events):
Event: 14.429 GC heap before
{Heap before GC invocations=14 (full 2):
 PSYoungGen      total 201728K, used 95267K [0x00000000e0000000, 0x00000000f2500000, 0x0000000100000000)
  eden space 188416K, 43% used [0x00000000e0000000,0x00000000e500ba00,0x00000000eb800000)
  from space 13312K, 99% used [0x00000000eb800000,0x00000000ec4fd5b8,0x00000000ec500000)
  to   space 18944K, 0% used [0x00000000f1280000,0x00000000f1280000,0x00000000f2500000)
 ParOldGen       total 47104K, used 25609K [0x00000000a0000000, 0x00000000a2e00000, 0x00000000e0000000)
  object space 47104K, 54% used [0x00000000a0000000,0x00000000a19026c0,0x00000000a2e00000)
 Metaspace       used 56969K, capacity 58918K, committed 59028K, reserved 1099776K
  class space    used 7697K, capacity 8115K, committed 8192K, reserved 1048576K
Event: 14.469 GC heap after
Heap after GC invocations=14 (full 2):
 PSYoungGen      total 272896K, used 9479K [0x00000000e0000000, 0x00000000f2080000, 0x0000000100000000)
  eden space 258560K, 0% used [0x00000000e0000000,0x00000000e0000000,0x00000000efc80000)
  from space 14336K, 66% used [0x00000000f1280000,0x00000000f1bc1f38,0x00000000f2080000)
  to   space 18432K, 0% used [0x00000000efc80000,0x00000000efc80000,0x00000000f0e80000)
 ParOldGen       total 47104K, used 36265K [0x00000000a0000000, 0x00000000a2e00000, 0x00000000e0000000)
  object space 47104K, 76% used [0x00000000a0000000,0x00000000a236a4b0,0x00000000a2e00000)
 Metaspace       used 56969K, capacity 58918K, committed 59028K, reserved 1099776K
  class space    used 7697K, capacity 8115K, committed 8192K, reserved 1048576K
}
Event: 14.469 GC heap before
{Heap before GC invocations=15 (full 3):
 PSYoungGen      total 272896K, used 9479K [0x00000000e0000000, 0x00000000f2080000, 0x0000000100000000)
  eden space 258560K, 0% used [0x00000000e0000000,0x00000000e0000000,0x00000000efc80000)
  from space 14336K, 66% used [0x00000000f1280000,0x00000000f1bc1f38,0x00000000f2080000)
  to   space 18432K, 0% used [0x00000000efc80000,0x00000000efc80000,0x00000000f0e80000)
 ParOldGen       total 47104K, used 36265K [0x00000000a0000000, 0x00000000a2e00000, 0x00000000e0000000)
  object space 47104K, 76% used [0x00000000a0000000,0x00000000a236a4b0,0x00000000a2e00000)
 Metaspace       used 56969K, capacity 58918K, committed 59028K, reserved 1099776K
  class space    used 7697K, capacity 8115K, committed 8192K, reserved 1048576K
Event: 14.855 GC heap after
Heap after GC invocations=15 (full 3):
 PSYoungGen      total 272896K, used 0K [0x00000000e0000000, 0x00000000f2080000, 0x0000000100000000)
  eden space 258560K, 0% used [0x00000000e0000000,0x00000000e0000000,0x00000000efc80000)
  from space 14336K, 0% used [0x00000000f1280000,0x00000000f1280000,0x00000000f2080000)
  to   space 18432K, 0% used [0x00000000efc80000,0x00000000efc80000,0x00000000f0e80000)
 ParOldGen       total 75776K, used 33150K [0x00000000a0000000, 0x00000000a4a00000, 0x00000000e0000000)
  object space 75776K, 43% used [0x00000000a0000000,0x00000000a205fad0,0x00000000a4a00000)
 Metaspace       used 56950K, capacity 58852K, committed 59028K, reserved 1099776K
  class space    used 7691K, capacity 8104K, committed 8192K, reserved 1048576K
}
Event: 132.249 GC heap before
{Heap before GC invocations=16 (full 3):
 PSYoungGen      total 272896K, used 258560K [0x00000000e0000000, 0x00000000f2080000, 0x0000000100000000)
  eden space 258560K, 100% used [0x00000000e0000000,0x00000000efc80000,0x00000000efc80000)
  from space 14336K, 0% used [0x00000000f1280000,0x00000000f1280000,0x00000000f2080000)
  to   space 18432K, 0% used [0x00000000efc80000,0x00000000efc80000,0x00000000f0e80000)
 ParOldGen       total 75776K, used 33150K [0x00000000a0000000, 0x00000000a4a00000, 0x00000000e0000000)
  object space 75776K, 43% used [0x00000000a0000000,0x00000000a205fad0,0x00000000a4a00000)
 Metaspace       used 68106K, capacity 70860K, committed 71168K, reserved 1110016K
  class space    used 9063K, capacity 9628K, committed 9728K, reserved 1048576K
Event: 132.906 GC heap after
Heap after GC invocations=16 (full 3):
 PSYoungGen      total 276992K, used 18429K [0x00000000e0000000, 0x00000000f7280000, 0x0000000100000000)
  eden space 258560K, 0% used [0x00000000e0000000,0x00000000e0000000,0x00000000efc80000)
  from space 18432K, 99% used [0x00000000efc80000,0x00000000f0e7f5f8,0x00000000f0e80000)
  to   space 23552K, 0% used [0x00000000f5b80000,0x00000000f5b80000,0x00000000f7280000)
 ParOldGen       total 75776K, used 39220K [0x00000000a0000000, 0x00000000a4a00000, 0x00000000e0000000)
  object space 75776K, 51% used [0x00000000a0000000,0x00000000a264d1d0,0x00000000a4a00000)
 Metaspace       used 68106K, capacity 70860K, committed 71168K, reserved 1110016K
  class space    used 9063K, capacity 9628K, committed 9728K, reserved 1048576K
}
Event: 176.613 GC heap before
{Heap before GC invocations=17 (full 3):
 PSYoungGen      total 276992K, used 276989K [0x00000000e0000000, 0x00000000f7280000, 0x0000000100000000)
  eden space 258560K, 100% used [0x00000000e0000000,0x00000000efc80000,0x00000000efc80000)
  from space 18432K, 99% used [0x00000000efc80000,0x00000000f0e7f5f8,0x00000000f0e80000)
  to   space 23552K, 0% used [0x00000000f5b80000,0x00000000f5b80000,0x00000000f7280000)
 ParOldGen       total 75776K, used 39220K [0x00000000a0000000, 0x00000000a4a00000, 0x00000000e0000000)
  object space 75776K, 51% used [0x00000000a0000000,0x00000000a264d1d0,0x00000000a4a00000)
 Metaspace       used 74250K, capacity 77264K, committed 77440K, reserved 1116160K
  class space    used 9734K, capacity 10308K, committed 10368K, reserved 1048576K
Event: 178.060 GC heap after
Heap after GC invocations=17 (full 3):
 PSYoungGen      total 353792K, used 11460K [0x00000000e0000000, 0x00000000f7080000, 0x0000000100000000)
  eden space 332288K, 0% used [0x00000000e0000000,0x00000000e0000000,0x00000000f4480000)
  from space 21504K, 53% used [0x00000000f5b80000,0x00000000f66b13e8,0x00000000f7080000)
  to   space 22528K, 0% used [0x00000000f4480000,0x00000000f4480000,0x00000000f5a80000)
 ParOldGen       total 75776K, used 49244K [0x00000000a0000000, 0x00000000a4a00000, 0x00000000e0000000)
  object space 75776K, 64% used [0x00000000a0000000,0x00000000a30170e0,0x00000000a4a00000)
 Metaspace       used 74250K, capacity 77264K, committed 77440K, reserved 1116160K
  class space    used 9734K, capacity 10308K, committed 10368K, reserved 1048576K
}
Event: 414.599 GC heap before
{Heap before GC invocations=18 (full 3):
 PSYoungGen      total 353792K, used 343748K [0x00000000e0000000, 0x00000000f7080000, 0x0000000100000000)
  eden space 332288K, 100% used [0x00000000e0000000,0x00000000f4480000,0x00000000f4480000)
  from space 21504K, 53% used [0x00000000f5b80000,0x00000000f66b13e8,0x00000000f7080000)
  to   space 22528K, 0% used [0x00000000f4480000,0x00000000f4480000,0x00000000f5a80000)
 ParOldGen       total 75776K, used 49244K [0x00000000a0000000, 0x00000000a4a00000, 0x00000000e0000000)
  object space 75776K, 64% used [0x00000000a0000000,0x00000000a30170e0,0x00000000a4a00000)
 Metaspace       used 87210K, capacity 90722K, committed 90880K, reserved 1128448K
  class space    used 11280K, capacity 11985K, committed 12032K, reserved 1048576K
Event: 417.655 GC heap after
Heap after GC invocations=18 (full 3):
 PSYoungGen      total 354816K, used 22517K [0x00000000e0000000, 0x00000000fd100000, 0x0000000100000000)
  eden space 332288K, 0% used [0x00000000e0000000,0x00000000e0000000,0x00000000f4480000)
  from space 22528K, 99% used [0x00000000f4480000,0x00000000f5a7d6d8,0x00000000f5a80000)
  to   space 28672K, 0% used [0x00000000fb500000,0x00000000fb500000,0x00000000fd100000)
 ParOldGen       total 75776K, used 56482K [0x00000000a0000000, 0x00000000a4a00000, 0x00000000e0000000)
  object space 75776K, 74% used [0x00000000a0000000,0x00000000a37288e0,0x00000000a4a00000)
 Metaspace       used 87210K, capacity 90722K, committed 90880K, reserved 1128448K
  class space    used 11280K, capacity 11985K, committed 12032K, reserved 1048576K
}

